TN:
SF:src/index.mjs
FN:7,(anonymous_0)
FN:22,(anonymous_1)
FN:38,(anonymous_2)
FN:39,(anonymous_3)
FN:43,(anonymous_4)
FN:51,(anonymous_5)
FN:56,(anonymous_6)
FN:61,(anonymous_7)
FN:76,(anonymous_8)
FN:92,(anonymous_9)
FN:110,(anonymous_10)
FN:111,(anonymous_11)
FN:127,(anonymous_12)
FNF:13
FNH:13
FNDA:8,(anonymous_0)
FNDA:108,(anonymous_1)
FNDA:833,(anonymous_2)
FNDA:833,(anonymous_3)
FNDA:833,(anonymous_4)
FNDA:833,(anonymous_5)
FNDA:88718,(anonymous_6)
FNDA:833,(anonymous_7)
FNDA:540,(anonymous_8)
FNDA:108,(anonymous_9)
FNDA:1302,(anonymous_10)
FNDA:1267,(anonymous_11)
FNDA:108,(anonymous_12)
DA:14,8
DA:15,8
DA:16,7
DA:17,7
DA:19,5
DA:20,5
DA:21,5
DA:22,108
DA:24,5
DA:29,8
DA:30,8
DA:31,8
DA:33,8
DA:34,1
DA:37,7
DA:38,833
DA:39,833
DA:43,833
DA:45,7
DA:50,7
DA:52,833
DA:53,833
DA:56,88718
DA:57,833
DA:59,833
DA:62,833
DA:63,833
DA:64,833
DA:66,756
DA:69,7
DA:74,5
DA:77,540
DA:78,540
DA:79,540
DA:80,540
DA:84,5
DA:89,5
DA:91,1
DA:93,108
DA:94,108
DA:95,108
DA:96,108
DA:97,108
DA:98,108
DA:99,108
DA:100,108
DA:103,1
DA:108,441
DA:109,441
DA:110,1302
DA:112,1267
DA:113,1267
DA:114,434
DA:116,833
DA:120,441
DA:125,5
DA:126,1
DA:128,108
DA:129,108
DA:130,0
DA:131,0
DA:133,108
DA:134,50
DA:136,58
DA:139,1
LF:65
LH:63
BRDA:8,0,0,0
BRDA:9,1,0,2
BRDA:10,2,0,6
BRDA:11,3,0,7
BRDA:12,4,0,5
BRDA:17,5,0,2
BRDA:17,5,1,5
BRDA:22,6,0,1
BRDA:22,6,1,4
BRDA:33,7,0,1
BRDA:33,7,1,7
BRDA:62,8,0,833
BRDA:62,8,1,0
BRDA:64,9,0,77
BRDA:64,9,1,756
BRDA:89,10,0,4
BRDA:89,10,1,1
BRDA:107,11,0,7
BRDA:113,12,0,434
BRDA:113,12,1,833
BRDA:125,13,0,4
BRDA:125,13,1,1
BRDA:129,14,0,0
BRDA:129,14,1,108
BRDA:133,15,0,50
BRDA:133,15,1,58
BRF:26
BRH:23
end_of_record
